2020-01-16 02:37:00,197  INFO [main] ExecutionEngine:72 - Property file configured
2020-01-16 02:37:00,368  INFO [main] ExecutionEngine:78 - Extent Reports initialised
2020-01-16 02:37:00,382  INFO [main] ExecutionEngine:91 - Entered in beforeMethod method
2020-01-16 02:37:24,609  INFO [main] ExecutionEngine:112 - Exiting from beforeMethod method
2020-01-16 02:37:24,636  INFO [main] ExecutionEngine:120 - Entered in ReviewTest method.
2020-01-16 02:37:26,503  INFO [main] ExecutionEngine:123 - Screenshot taken for URL navigation.
2020-01-16 02:37:26,504  INFO [main] ExecutionEngine:127 - Child node created
2020-01-16 02:37:26,504  INFO [main] ExecutionEngine:130 - Calling methods to perform actions on respective web elements
2020-01-16 02:38:05,009  INFO [main] ExecutionEngine:153 - Entered in endResult method which is an AfterSuite
2020-01-16 02:38:05,054 DEBUG [main] cache:45 - Couldn't find template in cache for "index.ftl"("en", UTF-8, parsed); will try to load it.
2020-01-16 02:38:05,057 DEBUG [main] cache:45 - TemplateLoader.findTemplateSource("index_en.ftl"): Not found
2020-01-16 02:38:05,064 DEBUG [main] cache:45 - TemplateLoader.findTemplateSource("index.ftl"): Found
2020-01-16 02:38:05,064 DEBUG [main] cache:45 - Loading template for "index.ftl"("en", UTF-8, parsed) from "jar:file:/C:/Users/akank/.m2/repository/com/aventstack/extentreports/3.1.5/extentreports-3.1.5.jar!/com/aventstack/extentreports/view/html-report/index.ftl"
2020-01-16 02:38:05,446 DEBUG [main] cache:45 - Couldn't find template in cache for "head.ftl"("en", UTF-8, parsed); will try to load it.
2020-01-16 02:38:05,448 DEBUG [main] cache:45 - TemplateLoader.findTemplateSource("head_en.ftl"): Not found
2020-01-16 02:38:05,450 DEBUG [main] cache:45 - TemplateLoader.findTemplateSource("head.ftl"): Found
2020-01-16 02:38:05,453 DEBUG [main] cache:45 - Loading template for "head.ftl"("en", UTF-8, parsed) from "jar:file:/C:/Users/akank/.m2/repository/com/aventstack/extentreports/3.1.5/extentreports-3.1.5.jar!/com/aventstack/extentreports/view/html-report/head.ftl"
2020-01-16 02:38:05,463 DEBUG [main] cache:45 - Couldn't find template in cache for "nav.ftl"("en", UTF-8, parsed); will try to load it.
2020-01-16 02:38:05,464 DEBUG [main] cache:45 - TemplateLoader.findTemplateSource("nav_en.ftl"): Not found
2020-01-16 02:38:05,466 DEBUG [main] cache:45 - TemplateLoader.findTemplateSource("nav.ftl"): Found
2020-01-16 02:38:05,467 DEBUG [main] cache:45 - Loading template for "nav.ftl"("en", UTF-8, parsed) from "jar:file:/C:/Users/akank/.m2/repository/com/aventstack/extentreports/3.1.5/extentreports-3.1.5.jar!/com/aventstack/extentreports/view/html-report/nav.ftl"
2020-01-16 02:38:05,488 DEBUG [main] cache:45 - Couldn't find template in cache for "test-view/test-view.ftl"("en", UTF-8, parsed); will try to load it.
2020-01-16 02:38:05,491 DEBUG [main] cache:45 - TemplateLoader.findTemplateSource("test-view/test-view_en.ftl"): Not found
2020-01-16 02:38:05,492 DEBUG [main] cache:45 - TemplateLoader.findTemplateSource("test-view/test-view.ftl"): Found
2020-01-16 02:38:05,492 DEBUG [main] cache:45 - Loading template for "test-view/test-view.ftl"("en", UTF-8, parsed) from "jar:file:/C:/Users/akank/.m2/repository/com/aventstack/extentreports/3.1.5/extentreports-3.1.5.jar!/com/aventstack/extentreports/view/html-report/test-view/test-view.ftl"
2020-01-16 02:38:05,526 DEBUG [main] cache:45 - Couldn't find template in cache for "test-view/test-view-charts.ftl"("en", UTF-8, parsed); will try to load it.
2020-01-16 02:38:05,527 DEBUG [main] cache:45 - TemplateLoader.findTemplateSource("test-view/test-view-charts_en.ftl"): Not found
2020-01-16 02:38:05,528 DEBUG [main] cache:45 - TemplateLoader.findTemplateSource("test-view/test-view-charts.ftl"): Found
2020-01-16 02:38:05,529 DEBUG [main] cache:45 - Loading template for "test-view/test-view-charts.ftl"("en", UTF-8, parsed) from "jar:file:/C:/Users/akank/.m2/repository/com/aventstack/extentreports/3.1.5/extentreports-3.1.5.jar!/com/aventstack/extentreports/view/html-report/test-view/test-view-charts.ftl"
2020-01-16 02:38:05,544 DEBUG [main] cache:45 - Couldn't find template in cache for "test-view/standard.ftl"("en", UTF-8, parsed); will try to load it.
2020-01-16 02:38:05,545 DEBUG [main] cache:45 - TemplateLoader.findTemplateSource("test-view/standard_en.ftl"): Not found
2020-01-16 02:38:05,546 DEBUG [main] cache:45 - TemplateLoader.findTemplateSource("test-view/standard.ftl"): Found
2020-01-16 02:38:05,546 DEBUG [main] cache:45 - Loading template for "test-view/standard.ftl"("en", UTF-8, parsed) from "jar:file:/C:/Users/akank/.m2/repository/com/aventstack/extentreports/3.1.5/extentreports-3.1.5.jar!/com/aventstack/extentreports/view/html-report/test-view/standard.ftl"
2020-01-16 02:38:05,598 DEBUG [main] cache:45 - Couldn't find template in cache for "category-view/category-view.ftl"("en", UTF-8, parsed); will try to load it.
2020-01-16 02:38:05,599 DEBUG [main] cache:45 - TemplateLoader.findTemplateSource("category-view/category-view_en.ftl"): Not found
2020-01-16 02:38:05,601 DEBUG [main] cache:45 - TemplateLoader.findTemplateSource("category-view/category-view.ftl"): Found
2020-01-16 02:38:05,601 DEBUG [main] cache:45 - Loading template for "category-view/category-view.ftl"("en", UTF-8, parsed) from "jar:file:/C:/Users/akank/.m2/repository/com/aventstack/extentreports/3.1.5/extentreports-3.1.5.jar!/com/aventstack/extentreports/view/html-report/category-view/category-view.ftl"
2020-01-16 02:38:05,610 DEBUG [main] cache:45 - Couldn't find template in cache for "author-view/author-view.ftl"("en", UTF-8, parsed); will try to load it.
2020-01-16 02:38:05,613 DEBUG [main] cache:45 - TemplateLoader.findTemplateSource("author-view/author-view_en.ftl"): Not found
2020-01-16 02:38:05,614 DEBUG [main] cache:45 - TemplateLoader.findTemplateSource("author-view/author-view.ftl"): Found
2020-01-16 02:38:05,615 DEBUG [main] cache:45 - Loading template for "author-view/author-view.ftl"("en", UTF-8, parsed) from "jar:file:/C:/Users/akank/.m2/repository/com/aventstack/extentreports/3.1.5/extentreports-3.1.5.jar!/com/aventstack/extentreports/view/html-report/author-view/author-view.ftl"
2020-01-16 02:38:05,625 DEBUG [main] cache:45 - Couldn't find template in cache for "exception-view/exception-view.ftl"("en", UTF-8, parsed); will try to load it.
2020-01-16 02:38:05,626 DEBUG [main] cache:45 - TemplateLoader.findTemplateSource("exception-view/exception-view_en.ftl"): Not found
2020-01-16 02:38:05,628 DEBUG [main] cache:45 - TemplateLoader.findTemplateSource("exception-view/exception-view.ftl"): Found
2020-01-16 02:38:05,628 DEBUG [main] cache:45 - Loading template for "exception-view/exception-view.ftl"("en", UTF-8, parsed) from "jar:file:/C:/Users/akank/.m2/repository/com/aventstack/extentreports/3.1.5/extentreports-3.1.5.jar!/com/aventstack/extentreports/view/html-report/exception-view/exception-view.ftl"
2020-01-16 02:38:05,637 DEBUG [main] cache:45 - Couldn't find template in cache for "dashboard-view/dashboard-view.ftl"("en", UTF-8, parsed); will try to load it.
2020-01-16 02:38:05,639 DEBUG [main] cache:45 - TemplateLoader.findTemplateSource("dashboard-view/dashboard-view_en.ftl"): Not found
2020-01-16 02:38:05,641 DEBUG [main] cache:45 - TemplateLoader.findTemplateSource("dashboard-view/dashboard-view.ftl"): Found
2020-01-16 02:38:05,641 DEBUG [main] cache:45 - Loading template for "dashboard-view/dashboard-view.ftl"("en", UTF-8, parsed) from "jar:file:/C:/Users/akank/.m2/repository/com/aventstack/extentreports/3.1.5/extentreports-3.1.5.jar!/com/aventstack/extentreports/view/html-report/dashboard-view/dashboard-view.ftl"
2020-01-16 02:38:05,652 DEBUG [main] cache:45 - Couldn't find template in cache for "logs-view/testrunner-logs-view.ftl"("en", UTF-8, parsed); will try to load it.
2020-01-16 02:38:05,654 DEBUG [main] cache:45 - TemplateLoader.findTemplateSource("logs-view/testrunner-logs-view_en.ftl"): Not found
2020-01-16 02:38:05,655 DEBUG [main] cache:45 - TemplateLoader.findTemplateSource("logs-view/testrunner-logs-view.ftl"): Found
2020-01-16 02:38:05,655 DEBUG [main] cache:45 - Loading template for "logs-view/testrunner-logs-view.ftl"("en", UTF-8, parsed) from "jar:file:/C:/Users/akank/.m2/repository/com/aventstack/extentreports/3.1.5/extentreports-3.1.5.jar!/com/aventstack/extentreports/view/html-report/logs-view/testrunner-logs-view.ftl"
2020-01-16 02:38:05,687  INFO [main] ExecutionEngine:157 - Report generated !
